
*** Running vivado
    with args -log space_invader_top.vds -m64 -product Vivado -mode batch -messageDb vivado.pb -notrace -source space_invader_top.tcl



****** Vivado v2025.2 (64-bit)
  **** SW Build 6299465 on Fri Nov 14 19:35:11 GMT 2025
  **** IP Build 6300035 on Fri Nov 14 10:48:45 MST 2025
  **** SharedData Build 6298862 on Thu Nov 13 04:50:51 MST 2025
  **** Start of session at: Wed Mar 18 11:36:21 2026
    ** Copyright 1986-2022 Xilinx, Inc. All Rights Reserved.
    ** Copyright 2022-2025 Advanced Micro Devices, Inc. All Rights Reserved.

source space_invader_top.tcl -notrace
create_project: Time (s): cpu = 00:00:16 ; elapsed = 00:00:11 . Memory (MB): peak = 553.605 ; gain = 221.434
Command: read_checkpoint -auto_incremental -incremental C:/Vivado/Parcial2_SD/Parcial2_SD.srcs/utils_1/imports/synth_1/space_invader_top.dcp
INFO: [Vivado 12-5825] Read reference checkpoint from C:/Vivado/Parcial2_SD/Parcial2_SD.srcs/utils_1/imports/synth_1/space_invader_top.dcp for incremental synthesis
INFO: [Vivado 12-7989] Please ensure there are no constraint changes
Command: synth_design -top space_invader_top -part xc7a35tcpg236-1
Starting synth_design
Attempting to get a license for feature 'Synthesis' and/or device 'xc7a35t'
INFO: [Common 17-349] Got license for feature 'Synthesis' and/or device 'xc7a35t'
INFO: [Device 21-403] Loading part xc7a35tcpg236-1
INFO: [Designutils 20-5440] No compile time benefit to using incremental synthesis; A full resynthesis will be run
INFO: [Designutils 20-4379] Flow is switching to default flow due to incremental criteria not met. If you would like to alter this behaviour and have the flow terminate instead, please set the following parameter config_implementation {autoIncr.Synth.RejectBehavior Terminate}
INFO: [Synth 8-7079] Multithreading enabled for synth_design using a maximum of 2 processes.
INFO: [Synth 8-7078] Launching helper process for spawning children vivado processes
INFO: [Synth 8-7075] Helper process launched with PID 11524
---------------------------------------------------------------------------------
Starting RTL Elaboration : Time (s): cpu = 00:00:09 ; elapsed = 00:00:10 . Memory (MB): peak = 1290.520 ; gain = 542.668
---------------------------------------------------------------------------------
INFO: [Synth 8-6157] synthesizing module 'space_invader_top' [C:/Vivado/Parcial2_SD/Parcial2_SD.srcs/sources_1/new/space_inv_top.sv:1]
INFO: [Synth 8-6157] synthesizing module 'clk_div' [C:/Vivado/Parcial2_SD/Parcial2_SD.srcs/sources_1/new/clk_div.sv:1]
INFO: [Synth 8-6155] done synthesizing module 'clk_div' (0#1) [C:/Vivado/Parcial2_SD/Parcial2_SD.srcs/sources_1/new/clk_div.sv:1]
INFO: [Synth 8-6157] synthesizing module 'game_ctrl' [C:/Vivado/Parcial2_SD/Parcial2_SD.srcs/sources_1/new/game_ctrl.sv:1]
INFO: [Synth 8-155] case statement is not full and has no default [C:/Vivado/Parcial2_SD/Parcial2_SD.srcs/sources_1/new/game_ctrl.sv:37]
INFO: [Synth 8-6155] done synthesizing module 'game_ctrl' (0#1) [C:/Vivado/Parcial2_SD/Parcial2_SD.srcs/sources_1/new/game_ctrl.sv:1]
INFO: [Synth 8-6157] synthesizing module 'player' [C:/Vivado/Parcial2_SD/Parcial2_SD.srcs/sources_1/new/player.sv:1]
INFO: [Synth 8-6157] synthesizing module 'shot' [C:/Vivado/Parcial2_SD/Parcial2_SD.srcs/sources_1/new/shot.sv:1]
INFO: [Synth 8-6155] done synthesizing module 'shot' (0#1) [C:/Vivado/Parcial2_SD/Parcial2_SD.srcs/sources_1/new/shot.sv:1]
INFO: [Synth 8-6155] done synthesizing module 'player' (0#1) [C:/Vivado/Parcial2_SD/Parcial2_SD.srcs/sources_1/new/player.sv:1]
INFO: [Synth 8-6157] synthesizing module 'inv_ship_controller' [C:/Vivado/Parcial2_SD/Parcial2_SD.srcs/sources_1/new/inv_ship_controller.sv:1]
INFO: [Synth 8-226] default block is never used [C:/Vivado/Parcial2_SD/Parcial2_SD.srcs/sources_1/new/inv_ship_controller.sv:60]
INFO: [Synth 8-6157] synthesizing module 'inv_ship_t0' [C:/Vivado/Parcial2_SD/Parcial2_SD.srcs/sources_1/new/inv_ship_t0.sv:1]
INFO: [Synth 8-6155] done synthesizing module 'inv_ship_t0' (0#1) [C:/Vivado/Parcial2_SD/Parcial2_SD.srcs/sources_1/new/inv_ship_t0.sv:1]
INFO: [Synth 8-6157] synthesizing module 'inv_ship_t1' [C:/Vivado/Parcial2_SD/Parcial2_SD.srcs/sources_1/new/inv_ship_t1.sv:1]
INFO: [Synth 8-6155] done synthesizing module 'inv_ship_t1' (0#1) [C:/Vivado/Parcial2_SD/Parcial2_SD.srcs/sources_1/new/inv_ship_t1.sv:1]
INFO: [Synth 8-6157] synthesizing module 'inv_ship_t2' [C:/Vivado/Parcial2_SD/Parcial2_SD.srcs/sources_1/new/inv_ship_t2.sv:1]
INFO: [Synth 8-6155] done synthesizing module 'inv_ship_t2' (0#1) [C:/Vivado/Parcial2_SD/Parcial2_SD.srcs/sources_1/new/inv_ship_t2.sv:1]
INFO: [Synth 8-6155] done synthesizing module 'inv_ship_controller' (0#1) [C:/Vivado/Parcial2_SD/Parcial2_SD.srcs/sources_1/new/inv_ship_controller.sv:1]
INFO: [Synth 8-6157] synthesizing module 'vga_top' [C:/Vivado/Parcial2_SD/Parcial2_SD.srcs/sources_1/new/vga_top.sv:1]
INFO: [Synth 8-6157] synthesizing module 'vga_sync' [C:/Vivado/Parcial2_SD/Parcial2_SD.srcs/sources_1/new/vga_sync.sv:1]
INFO: [Synth 8-6155] done synthesizing module 'vga_sync' (0#1) [C:/Vivado/Parcial2_SD/Parcial2_SD.srcs/sources_1/new/vga_sync.sv:1]
INFO: [Synth 8-6157] synthesizing module 'vga_rgb_game' [C:/Vivado/Parcial2_SD/Parcial2_SD.srcs/sources_1/new/vga_rgb_game.sv:1]
INFO: [Synth 8-6155] done synthesizing module 'vga_rgb_game' (0#1) [C:/Vivado/Parcial2_SD/Parcial2_SD.srcs/sources_1/new/vga_rgb_game.sv:1]
INFO: [Synth 8-6157] synthesizing module 'vga_rgb_title' [C:/Vivado/Parcial2_SD/Parcial2_SD.srcs/sources_1/new/vga_rgb_title.sv:1]
INFO: [Synth 8-6155] done synthesizing module 'vga_rgb_title' (0#1) [C:/Vivado/Parcial2_SD/Parcial2_SD.srcs/sources_1/new/vga_rgb_title.sv:1]
INFO: [Synth 8-6157] synthesizing module 'vga_rgb_inbet' [C:/Vivado/Parcial2_SD/Parcial2_SD.srcs/sources_1/new/vga_rgb_inbet.sv:1]
INFO: [Synth 8-6155] done synthesizing module 'vga_rgb_inbet' (0#1) [C:/Vivado/Parcial2_SD/Parcial2_SD.srcs/sources_1/new/vga_rgb_inbet.sv:1]
INFO: [Synth 8-6157] synthesizing module 'vga_rgb_g_over' [C:/Vivado/Parcial2_SD/Parcial2_SD.srcs/sources_1/new/vga_rgb_g_over.sv:1]
INFO: [Synth 8-6155] done synthesizing module 'vga_rgb_g_over' (0#1) [C:/Vivado/Parcial2_SD/Parcial2_SD.srcs/sources_1/new/vga_rgb_g_over.sv:1]
INFO: [Synth 8-6157] synthesizing module 'vga_rgb_win' [C:/Vivado/Parcial2_SD/Parcial2_SD.srcs/sources_1/new/vga_rgb_win.sv:1]
INFO: [Synth 8-6155] done synthesizing module 'vga_rgb_win' (0#1) [C:/Vivado/Parcial2_SD/Parcial2_SD.srcs/sources_1/new/vga_rgb_win.sv:1]
INFO: [Synth 8-294] found qualifier unique on case statement: implementing as parallel_case [C:/Vivado/Parcial2_SD/Parcial2_SD.srcs/sources_1/new/vga_top.sv:124]
INFO: [Synth 8-6157] synthesizing module 'color_decode' [C:/Vivado/Parcial2_SD/Parcial2_SD.srcs/sources_1/new/color_decode.sv:1]
INFO: [Synth 8-6155] done synthesizing module 'color_decode' (0#1) [C:/Vivado/Parcial2_SD/Parcial2_SD.srcs/sources_1/new/color_decode.sv:1]
WARNING: [Synth 8-689] width (12) of port connection 'cl_to_vga' does not match port width (16) of module 'color_decode' [C:/Vivado/Parcial2_SD/Parcial2_SD.srcs/sources_1/new/vga_top.sv:135]
INFO: [Synth 8-6155] done synthesizing module 'vga_top' (0#1) [C:/Vivado/Parcial2_SD/Parcial2_SD.srcs/sources_1/new/vga_top.sv:1]
INFO: [Synth 8-6155] done synthesizing module 'space_invader_top' (0#1) [C:/Vivado/Parcial2_SD/Parcial2_SD.srcs/sources_1/new/space_inv_top.sv:1]
WARNING: [Synth 8-7129] Port pixel_x[10] in module vga_rgb_win is either unconnected or has no load
WARNING: [Synth 8-7129] Port pixel_x[9] in module vga_rgb_win is either unconnected or has no load
WARNING: [Synth 8-7129] Port pixel_x[8] in module vga_rgb_win is either unconnected or has no load
WARNING: [Synth 8-7129] Port pixel_x[7] in module vga_rgb_win is either unconnected or has no load
WARNING: [Synth 8-7129] Port pixel_x[6] in module vga_rgb_win is either unconnected or has no load
WARNING: [Synth 8-7129] Port pixel_x[5] in module vga_rgb_win is either unconnected or has no load
WARNING: [Synth 8-7129] Port pixel_x[4] in module vga_rgb_win is either unconnected or has no load
WARNING: [Synth 8-7129] Port pixel_x[3] in module vga_rgb_win is either unconnected or has no load
WARNING: [Synth 8-7129] Port pixel_x[2] in module vga_rgb_win is either unconnected or has no load
WARNING: [Synth 8-7129] Port pixel_x[1] in module vga_rgb_win is either unconnected or has no load
WARNING: [Synth 8-7129] Port pixel_x[0] in module vga_rgb_win is either unconnected or has no load
WARNING: [Synth 8-7129] Port pixel_y[10] in module vga_rgb_win is either unconnected or has no load
WARNING: [Synth 8-7129] Port pixel_y[9] in module vga_rgb_win is either unconnected or has no load
WARNING: [Synth 8-7129] Port pixel_y[8] in module vga_rgb_win is either unconnected or has no load
WARNING: [Synth 8-7129] Port pixel_y[7] in module vga_rgb_win is either unconnected or has no load
WARNING: [Synth 8-7129] Port pixel_y[6] in module vga_rgb_win is either unconnected or has no load
WARNING: [Synth 8-7129] Port pixel_y[5] in module vga_rgb_win is either unconnected or has no load
WARNING: [Synth 8-7129] Port pixel_y[4] in module vga_rgb_win is either unconnected or has no load
WARNING: [Synth 8-7129] Port pixel_y[3] in module vga_rgb_win is either unconnected or has no load
WARNING: [Synth 8-7129] Port pixel_y[2] in module vga_rgb_win is either unconnected or has no load
WARNING: [Synth 8-7129] Port pixel_y[1] in module vga_rgb_win is either unconnected or has no load
WARNING: [Synth 8-7129] Port pixel_y[0] in module vga_rgb_win is either unconnected or has no load
WARNING: [Synth 8-7129] Port pixel_x[10] in module vga_rgb_g_over is either unconnected or has no load
WARNING: [Synth 8-7129] Port pixel_x[9] in module vga_rgb_g_over is either unconnected or has no load
WARNING: [Synth 8-7129] Port pixel_x[8] in module vga_rgb_g_over is either unconnected or has no load
WARNING: [Synth 8-7129] Port pixel_x[7] in module vga_rgb_g_over is either unconnected or has no load
WARNING: [Synth 8-7129] Port pixel_x[6] in module vga_rgb_g_over is either unconnected or has no load
WARNING: [Synth 8-7129] Port pixel_x[5] in module vga_rgb_g_over is either unconnected or has no load
WARNING: [Synth 8-7129] Port pixel_x[4] in module vga_rgb_g_over is either unconnected or has no load
WARNING: [Synth 8-7129] Port pixel_x[3] in module vga_rgb_g_over is either unconnected or has no load
WARNING: [Synth 8-7129] Port pixel_x[2] in module vga_rgb_g_over is either unconnected or has no load
WARNING: [Synth 8-7129] Port pixel_x[1] in module vga_rgb_g_over is either unconnected or has no load
WARNING: [Synth 8-7129] Port pixel_x[0] in module vga_rgb_g_over is either unconnected or has no load
WARNING: [Synth 8-7129] Port pixel_y[10] in module vga_rgb_g_over is either unconnected or has no load
WARNING: [Synth 8-7129] Port pixel_y[9] in module vga_rgb_g_over is either unconnected or has no load
WARNING: [Synth 8-7129] Port pixel_y[8] in module vga_rgb_g_over is either unconnected or has no load
WARNING: [Synth 8-7129] Port pixel_y[7] in module vga_rgb_g_over is either unconnected or has no load
WARNING: [Synth 8-7129] Port pixel_y[6] in module vga_rgb_g_over is either unconnected or has no load
WARNING: [Synth 8-7129] Port pixel_y[5] in module vga_rgb_g_over is either unconnected or has no load
WARNING: [Synth 8-7129] Port pixel_y[4] in module vga_rgb_g_over is either unconnected or has no load
WARNING: [Synth 8-7129] Port pixel_y[3] in module vga_rgb_g_over is either unconnected or has no load
WARNING: [Synth 8-7129] Port pixel_y[2] in module vga_rgb_g_over is either unconnected or has no load
WARNING: [Synth 8-7129] Port pixel_y[1] in module vga_rgb_g_over is either unconnected or has no load
WARNING: [Synth 8-7129] Port pixel_y[0] in module vga_rgb_g_over is either unconnected or has no load
WARNING: [Synth 8-7129] Port pixel_x[10] in module vga_rgb_inbet is either unconnected or has no load
WARNING: [Synth 8-7129] Port pixel_x[9] in module vga_rgb_inbet is either unconnected or has no load
WARNING: [Synth 8-7129] Port pixel_x[8] in module vga_rgb_inbet is either unconnected or has no load
WARNING: [Synth 8-7129] Port pixel_x[7] in module vga_rgb_inbet is either unconnected or has no load
WARNING: [Synth 8-7129] Port pixel_x[6] in module vga_rgb_inbet is either unconnected or has no load
WARNING: [Synth 8-7129] Port pixel_x[5] in module vga_rgb_inbet is either unconnected or has no load
WARNING: [Synth 8-7129] Port pixel_x[4] in module vga_rgb_inbet is either unconnected or has no load
WARNING: [Synth 8-7129] Port pixel_x[3] in module vga_rgb_inbet is either unconnected or has no load
WARNING: [Synth 8-7129] Port pixel_x[2] in module vga_rgb_inbet is either unconnected or has no load
WARNING: [Synth 8-7129] Port pixel_x[1] in module vga_rgb_inbet is either unconnected or has no load
WARNING: [Synth 8-7129] Port pixel_x[0] in module vga_rgb_inbet is either unconnected or has no load
WARNING: [Synth 8-7129] Port pixel_y[10] in module vga_rgb_inbet is either unconnected or has no load
WARNING: [Synth 8-7129] Port pixel_y[9] in module vga_rgb_inbet is either unconnected or has no load
WARNING: [Synth 8-7129] Port pixel_y[8] in module vga_rgb_inbet is either unconnected or has no load
WARNING: [Synth 8-7129] Port pixel_y[7] in module vga_rgb_inbet is either unconnected or has no load
WARNING: [Synth 8-7129] Port pixel_y[6] in module vga_rgb_inbet is either unconnected or has no load
WARNING: [Synth 8-7129] Port pixel_y[5] in module vga_rgb_inbet is either unconnected or has no load
WARNING: [Synth 8-7129] Port pixel_y[4] in module vga_rgb_inbet is either unconnected or has no load
WARNING: [Synth 8-7129] Port pixel_y[3] in module vga_rgb_inbet is either unconnected or has no load
WARNING: [Synth 8-7129] Port pixel_y[2] in module vga_rgb_inbet is either unconnected or has no load
WARNING: [Synth 8-7129] Port pixel_y[1] in module vga_rgb_inbet is either unconnected or has no load
WARNING: [Synth 8-7129] Port pixel_y[0] in module vga_rgb_inbet is either unconnected or has no load
WARNING: [Synth 8-7129] Port score[11] in module vga_rgb_game is either unconnected or has no load
WARNING: [Synth 8-7129] Port score[10] in module vga_rgb_game is either unconnected or has no load
WARNING: [Synth 8-7129] Port score[9] in module vga_rgb_game is either unconnected or has no load
WARNING: [Synth 8-7129] Port score[8] in module vga_rgb_game is either unconnected or has no load
WARNING: [Synth 8-7129] Port score[7] in module vga_rgb_game is either unconnected or has no load
WARNING: [Synth 8-7129] Port score[6] in module vga_rgb_game is either unconnected or has no load
WARNING: [Synth 8-7129] Port score[5] in module vga_rgb_game is either unconnected or has no load
WARNING: [Synth 8-7129] Port score[4] in module vga_rgb_game is either unconnected or has no load
WARNING: [Synth 8-7129] Port score[3] in module vga_rgb_game is either unconnected or has no load
WARNING: [Synth 8-7129] Port score[2] in module vga_rgb_game is either unconnected or has no load
WARNING: [Synth 8-7129] Port score[1] in module vga_rgb_game is either unconnected or has no load
WARNING: [Synth 8-7129] Port score[0] in module vga_rgb_game is either unconnected or has no load
WARNING: [Synth 8-7129] Port btnC in module vga_top is either unconnected or has no load
WARNING: [Synth 8-7129] Port btnL in module vga_top is either unconnected or has no load
WARNING: [Synth 8-7129] Port btnR in module vga_top is either unconnected or has no load
WARNING: [Synth 8-7129] Port btnD in module vga_top is either unconnected or has no load
WARNING: [Synth 8-7129] Port clk_0 in module player is either unconnected or has no load
WARNING: [Synth 8-7129] Port clk_1 in module player is either unconnected or has no load
---------------------------------------------------------------------------------
Finished RTL Elaboration : Time (s): cpu = 00:00:13 ; elapsed = 00:00:13 . Memory (MB): peak = 1421.719 ; gain = 673.867
---------------------------------------------------------------------------------
---------------------------------------------------------------------------------
Start Handling Custom Attributes
---------------------------------------------------------------------------------
---------------------------------------------------------------------------------
Finished Handling Custom Attributes : Time (s): cpu = 00:00:13 ; elapsed = 00:00:13 . Memory (MB): peak = 1421.719 ; gain = 673.867
---------------------------------------------------------------------------------
---------------------------------------------------------------------------------
Finished RTL Optimization Phase 1 : Time (s): cpu = 00:00:13 ; elapsed = 00:00:13 . Memory (MB): peak = 1421.719 ; gain = 673.867
---------------------------------------------------------------------------------
Netlist sorting complete. Time (s): cpu = 00:00:00 ; elapsed = 00:00:00.150 . Memory (MB): peak = 1421.719 ; gain = 0.000
INFO: [Project 1-570] Preparing netlist for logic optimization

Processing XDC Constraints
Initializing timing engine
Parsing XDC File [C:/Vivado/Parcial2_SD/Parcial2_SD.srcs/constrs_1/new/constraints.xdc]
Finished Parsing XDC File [C:/Vivado/Parcial2_SD/Parcial2_SD.srcs/constrs_1/new/constraints.xdc]
INFO: [Project 1-236] Implementation specific constraints were found while reading constraint file [C:/Vivado/Parcial2_SD/Parcial2_SD.srcs/constrs_1/new/constraints.xdc]. These constraints will be ignored for synthesis but will be used in implementation. Impacted constraints are listed in the file [.Xil/space_invader_top_propImpl.xdc].
Resolution: To avoid this warning, move constraints listed in [.Xil/space_invader_top_propImpl.xdc] to another XDC file and exclude this new file from synthesis with the used_in_synthesis property (File Properties dialog in GUI) and re-run elaboration/synthesis.
Completed Processing XDC Constraints

Netlist sorting complete. Time (s): cpu = 00:00:00 ; elapsed = 00:00:00.003 . Memory (MB): peak = 1502.219 ; gain = 0.000
INFO: [Project 1-111] Unisim Transformation Summary:
No Unisim elements were transformed.

Constraint Validation Runtime : Time (s): cpu = 00:00:00 ; elapsed = 00:00:00.061 . Memory (MB): peak = 1502.219 ; gain = 0.000
INFO: [Designutils 20-5440] No compile time benefit to using incremental synthesis; A full resynthesis will be run
INFO: [Designutils 20-4379] Flow is switching to default flow due to incremental criteria not met. If you would like to alter this behaviour and have the flow terminate instead, please set the following parameter config_implementation {autoIncr.Synth.RejectBehavior Terminate}
---------------------------------------------------------------------------------
Finished Constraint Validation : Time (s): cpu = 00:00:28 ; elapsed = 00:00:28 . Memory (MB): peak = 1502.219 ; gain = 754.367
---------------------------------------------------------------------------------
---------------------------------------------------------------------------------
Start Loading Part and Timing Information
---------------------------------------------------------------------------------
Loading part: xc7a35tcpg236-1
---------------------------------------------------------------------------------
Finished Loading Part and Timing Information : Time (s): cpu = 00:00:28 ; elapsed = 00:00:28 . Memory (MB): peak = 1502.219 ; gain = 754.367
---------------------------------------------------------------------------------
---------------------------------------------------------------------------------
Start Applying 'set_property' XDC Constraints
---------------------------------------------------------------------------------
---------------------------------------------------------------------------------
Finished applying 'set_property' XDC Constraints : Time (s): cpu = 00:00:28 ; elapsed = 00:00:28 . Memory (MB): peak = 1502.219 ; gain = 754.367
---------------------------------------------------------------------------------
INFO: [Synth 8-802] inferred FSM for state register 'state_reg' in module 'game_ctrl'
INFO: [Synth 8-802] inferred FSM for state register 'state_reg' in module 'inv_ship_controller'
---------------------------------------------------------------------------------------------------
                   State |                     New Encoding |                Previous Encoding 
---------------------------------------------------------------------------------------------------
                    MENU |                             0001 |                              000
                    GAME |                             0010 |                              001
                    LOSE |                             0100 |                              100
                 BETWEEN |                             1000 |                              010
---------------------------------------------------------------------------------------------------
INFO: [Synth 8-3354] encoded FSM with state register 'state_reg' using encoding 'one-hot' in module 'game_ctrl'
---------------------------------------------------------------------------------------------------
                   State |                     New Encoding |                Previous Encoding 
---------------------------------------------------------------------------------------------------
                      S0 |                             0001 |                               00
                      S1 |                             0010 |                               01
                      S2 |                             0100 |                               10
                      S3 |                             1000 |                               11
---------------------------------------------------------------------------------------------------
INFO: [Synth 8-3354] encoded FSM with state register 'state_reg' using encoding 'one-hot' in module 'inv_ship_controller'
---------------------------------------------------------------------------------
Finished RTL Optimization Phase 2 : Time (s): cpu = 00:00:29 ; elapsed = 00:00:30 . Memory (MB): peak = 1502.219 ; gain = 754.367
---------------------------------------------------------------------------------
---------------------------------------------------------------------------------
Start RTL Component Statistics 
---------------------------------------------------------------------------------
Detailed RTL Component Info : 
+---Adders : 
	   2 Input   32 Bit       Adders := 4     
	   3 Input   12 Bit       Adders := 52    
	   2 Input   12 Bit       Adders := 3     
	   2 Input   11 Bit       Adders := 104   
	   3 Input   11 Bit       Adders := 49    
	   2 Input   10 Bit       Adders := 2     
	   2 Input    8 Bit       Adders := 1     
	   2 Input    6 Bit       Adders := 1     
	   2 Input    5 Bit       Adders := 1     
	   2 Input    3 Bit       Adders := 1     
	   2 Input    2 Bit       Adders := 1     
+---Registers : 
	               11 Bit    Registers := 53    
	                8 Bit    Registers := 1     
	                6 Bit    Registers := 1     
	                5 Bit    Registers := 1     
	                3 Bit    Registers := 2     
	                2 Bit    Registers := 1     
	                1 Bit    Registers := 39    
+---Muxes : 
	   2 Input   11 Bit        Muxes := 51    
	   2 Input    8 Bit        Muxes := 1     
	   2 Input    5 Bit        Muxes := 8     
	   4 Input    4 Bit        Muxes := 1     
	   2 Input    4 Bit        Muxes := 17    
	   4 Input    3 Bit        Muxes := 1     
	   2 Input    3 Bit        Muxes := 2     
	   2 Input    2 Bit        Muxes := 28    
	   3 Input    2 Bit        Muxes := 2     
	   2 Input    1 Bit        Muxes := 90    
	   4 Input    1 Bit        Muxes := 8     
---------------------------------------------------------------------------------
Finished RTL Component Statistics 
---------------------------------------------------------------------------------
---------------------------------------------------------------------------------
Start Part Resource Summary
---------------------------------------------------------------------------------
Part Resources:
DSPs: 90 (col length:60)
BRAMs: 100 (col length: RAMB18 60 RAMB36 30)
---------------------------------------------------------------------------------
Finished Part Resource Summary
---------------------------------------------------------------------------------
---------------------------------------------------------------------------------
Start Cross Boundary and Area Optimization
---------------------------------------------------------------------------------
WARNING: [Synth 8-7129] Port score[11] in module vga_rgb_game is either unconnected or has no load
WARNING: [Synth 8-7129] Port score[10] in module vga_rgb_game is either unconnected or has no load
WARNING: [Synth 8-7129] Port score[9] in module vga_rgb_game is either unconnected or has no load
WARNING: [Synth 8-7129] Port score[8] in module vga_rgb_game is either unconnected or has no load
WARNING: [Synth 8-7129] Port score[7] in module vga_rgb_game is either unconnected or has no load
WARNING: [Synth 8-7129] Port score[6] in module vga_rgb_game is either unconnected or has no load
WARNING: [Synth 8-7129] Port score[5] in module vga_rgb_game is either unconnected or has no load
WARNING: [Synth 8-7129] Port score[4] in module vga_rgb_game is either unconnected or has no load
WARNING: [Synth 8-7129] Port score[3] in module vga_rgb_game is either unconnected or has no load
WARNING: [Synth 8-7129] Port score[2] in module vga_rgb_game is either unconnected or has no load
WARNING: [Synth 8-7129] Port score[1] in module vga_rgb_game is either unconnected or has no load
WARNING: [Synth 8-7129] Port score[0] in module vga_rgb_game is either unconnected or has no load
WARNING: [Synth 8-7129] Port btnC in module vga_top is either unconnected or has no load
WARNING: [Synth 8-7129] Port btnL in module vga_top is either unconnected or has no load
WARNING: [Synth 8-7129] Port btnR in module vga_top is either unconnected or has no load
WARNING: [Synth 8-7129] Port btnD in module vga_top is either unconnected or has no load
INFO: [Common 17-14] Message 'Synth 8-7129' appears 100 times and further instances of the messages will be disabled. Use the Tcl command set_msg_config to change the current settings.
---------------------------------------------------------------------------------
Finished Cross Boundary and Area Optimization : Time (s): cpu = 00:01:13 ; elapsed = 00:01:14 . Memory (MB): peak = 1759.570 ; gain = 1011.719
---------------------------------------------------------------------------------
---------------------------------------------------------------------------------
Start ROM, RAM, DSP, Shift Register and Retiming Reporting
---------------------------------------------------------------------------------

ROM: Preliminary Mapping Report
+-------------+---------------+---------------+----------------+
|Module Name  | RTL Object    | Depth x Width | Implemented As | 
+-------------+---------------+---------------+----------------+
|color_decode | cl_to_vga     | 32x12         | LUT            | 
|vga_top      | cd0/cl_to_vga | 32x12         | LUT            | 
+-------------+---------------+---------------+----------------+

---------------------------------------------------------------------------------
Finished ROM, RAM, DSP, Shift Register and Retiming Reporting
---------------------------------------------------------------------------------
---------------------------------------------------------------------------------
Start Applying XDC Timing Constraints
---------------------------------------------------------------------------------
---------------------------------------------------------------------------------
Finished Applying XDC Timing Constraints : Time (s): cpu = 00:01:22 ; elapsed = 00:01:23 . Memory (MB): peak = 1759.570 ; gain = 1011.719
---------------------------------------------------------------------------------
---------------------------------------------------------------------------------
Start Timing Optimization
---------------------------------------------------------------------------------
---------------------------------------------------------------------------------
Finished Timing Optimization : Time (s): cpu = 00:01:45 ; elapsed = 00:01:46 . Memory (MB): peak = 1787.711 ; gain = 1039.859
---------------------------------------------------------------------------------
---------------------------------------------------------------------------------
Start Technology Mapping
---------------------------------------------------------------------------------
---------------------------------------------------------------------------------
Finished Technology Mapping : Time (s): cpu = 00:01:47 ; elapsed = 00:01:48 . Memory (MB): peak = 1788.484 ; gain = 1040.633
---------------------------------------------------------------------------------
---------------------------------------------------------------------------------
Start IO Insertion
---------------------------------------------------------------------------------
---------------------------------------------------------------------------------
Start Flattening Before IO Insertion
---------------------------------------------------------------------------------
---------------------------------------------------------------------------------
Finished Flattening Before IO Insertion
---------------------------------------------------------------------------------
---------------------------------------------------------------------------------
Start Final Netlist Cleanup
---------------------------------------------------------------------------------
---------------------------------------------------------------------------------
Finished Final Netlist Cleanup
---------------------------------------------------------------------------------
---------------------------------------------------------------------------------
Finished IO Insertion : Time (s): cpu = 00:01:55 ; elapsed = 00:01:57 . Memory (MB): peak = 1936.828 ; gain = 1188.977
---------------------------------------------------------------------------------
---------------------------------------------------------------------------------
Start Renaming Generated Instances
---------------------------------------------------------------------------------
---------------------------------------------------------------------------------
Finished Renaming Generated Instances : Time (s): cpu = 00:01:55 ; elapsed = 00:01:57 . Memory (MB): peak = 1936.828 ; gain = 1188.977
---------------------------------------------------------------------------------
---------------------------------------------------------------------------------
Start Rebuilding User Hierarchy
---------------------------------------------------------------------------------
---------------------------------------------------------------------------------
Finished Rebuilding User Hierarchy : Time (s): cpu = 00:01:55 ; elapsed = 00:01:57 . Memory (MB): peak = 1936.828 ; gain = 1188.977
---------------------------------------------------------------------------------
---------------------------------------------------------------------------------
Start Renaming Generated Ports
---------------------------------------------------------------------------------
---------------------------------------------------------------------------------
Finished Renaming Generated Ports : Time (s): cpu = 00:01:55 ; elapsed = 00:01:57 . Memory (MB): peak = 1936.828 ; gain = 1188.977
---------------------------------------------------------------------------------
---------------------------------------------------------------------------------
Start Handling Custom Attributes
---------------------------------------------------------------------------------
---------------------------------------------------------------------------------
Finished Handling Custom Attributes : Time (s): cpu = 00:01:55 ; elapsed = 00:01:57 . Memory (MB): peak = 1936.828 ; gain = 1188.977
---------------------------------------------------------------------------------
---------------------------------------------------------------------------------
Start Renaming Generated Nets
---------------------------------------------------------------------------------
---------------------------------------------------------------------------------
Finished Renaming Generated Nets : Time (s): cpu = 00:01:55 ; elapsed = 00:01:57 . Memory (MB): peak = 1936.828 ; gain = 1188.977
---------------------------------------------------------------------------------
---------------------------------------------------------------------------------
Start Writing Synthesis Report
---------------------------------------------------------------------------------

Report BlackBoxes: 
+-+--------------+----------+
| |BlackBox name |Instances |
+-+--------------+----------+
+-+--------------+----------+

Report Cell Usage: 
+------+-------+------+
|      |Cell   |Count |
+------+-------+------+
|1     |BUFG   |     2|
|2     |CARRY4 |   163|
|3     |LUT1   |   136|
|4     |LUT2   |   345|
|5     |LUT3   |   121|
|6     |LUT4   |   294|
|7     |LUT5   |   269|
|8     |LUT6   |   700|
|9     |FDRE   |   284|
|10    |FDSE   |    67|
|11    |IBUF   |     6|
|12    |OBUF   |    14|
+------+-------+------+
---------------------------------------------------------------------------------
Finished Writing Synthesis Report : Time (s): cpu = 00:01:55 ; elapsed = 00:01:57 . Memory (MB): peak = 1936.828 ; gain = 1188.977
---------------------------------------------------------------------------------
Synthesis finished with 0 errors, 0 critical warnings and 16 warnings.
Synthesis Optimization Runtime : Time (s): cpu = 00:01:38 ; elapsed = 00:01:53 . Memory (MB): peak = 1936.828 ; gain = 1108.477
Synthesis Optimization Complete : Time (s): cpu = 00:01:56 ; elapsed = 00:01:57 . Memory (MB): peak = 1936.828 ; gain = 1188.977
INFO: [Project 1-571] Translating synthesized netlist
Netlist sorting complete. Time (s): cpu = 00:00:00 ; elapsed = 00:00:00.090 . Memory (MB): peak = 1948.020 ; gain = 0.000
INFO: [Netlist 29-17] Analyzing 163 Unisim elements for replacement
INFO: [Netlist 29-28] Unisim Transformation completed in 0 CPU seconds
INFO: [Project 1-570] Preparing netlist for logic optimization
INFO: [Opt 31-138] Pushed 0 inverter(s) to 0 load pin(s).
Netlist sorting complete. Time (s): cpu = 00:00:00 ; elapsed = 00:00:00.002 . Memory (MB): peak = 1952.695 ; gain = 0.000
INFO: [Project 1-111] Unisim Transformation Summary:
No Unisim elements were transformed.

Synth Design complete | Checksum: c7e22507
INFO: [Common 17-83] Releasing license: Synthesis
63 Infos, 101 Warnings, 0 Critical Warnings and 0 Errors encountered.
synth_design completed successfully
synth_design: Time (s): cpu = 00:02:04 ; elapsed = 00:02:09 . Memory (MB): peak = 1952.695 ; gain = 1394.180
Write ShapeDB Complete: Time (s): cpu = 00:00:00 ; elapsed = 00:00:00.013 . Memory (MB): peak = 1952.695 ; gain = 0.000
INFO: [Common 17-1381] The checkpoint 'C:/Vivado/Parcial2_SD/Parcial2_SD.runs/synth_1/space_invader_top.dcp' has been generated.
INFO: [Vivado 12-24828] Executing command : report_utilization -file space_invader_top_utilization_synth.rpt -pb space_invader_top_utilization_synth.pb
INFO: [Common 17-206] Exiting Vivado at Wed Mar 18 11:38:48 2026...
